{
  "RSpec": {
    "coverage": {
      "/home/andrey/dev/software_store/app/controllers/users_controller.rb": [
        1,
        1,
        3,
        null,
        null,
        1,
        5,
        5,
        4,
        4,
        4,
        null,
        1,
        1,
        null,
        null,
        null,
        1,
        null,
        1,
        5,
        null,
        null,
        1,
        0,
        null,
        null
      ],
      "/home/andrey/dev/software_store/app/controllers/application_controller.rb": [
        1,
        1,
        null,
        1,
        0,
        null,
        null
      ],
      "/home/andrey/dev/software_store/app/helpers/application_helper.rb": [
        1,
        null
      ],
      "/home/andrey/dev/software_store/app/helpers/users_helper.rb": [
        1,
        null
      ],
      "/home/andrey/dev/software_store/app/models/user.rb": [
        1,
        1,
        1,
        null,
        5,
        1,
        null,
        1,
        null,
        null,
        null,
        null,
        1,
        null,
        null
      ],
      "/home/andrey/dev/software_store/app/models/application_record.rb": [
        1,
        1,
        null
      ],
      "/home/andrey/dev/software_store/app/jobs/application_job.rb": [
        0,
        0
      ],
      "/home/andrey/dev/software_store/app/channels/application_cable/connection.rb": [
        0,
        0,
        0,
        0
      ],
      "/home/andrey/dev/software_store/app/channels/application_cable/channel.rb": [
        0,
        0,
        0,
        0
      ],
      "/home/andrey/dev/software_store/app/mailers/application_mailer.rb": [
        0,
        0,
        0,
        0
      ]
    },
    "timestamp": 1480708432
  }
}
